<?xml version="1.0" encoding="UTF-8"?>
<!-- Generated by org.testng.reporters.JUnitReportReporter -->
<testsuite hostname="DESKTOP-C0FVCIJ" failures="0" tests="1" name="DevOps.Devops.AppTest" time="28.382" errors="0" timestamp="2020-02-14T19:21:03 IST" skipped="0">
  <testcase classname="DevOps.Devops.AppTest" name="logintoapp" time="28.382"/>
</testsuite> <!-- DevOps.Devops.AppTest -->
