<?xml version="1.0" encoding="UTF-8"?>
<!-- Generated by org.testng.reporters.JUnitReportReporter -->
<testsuite hostname="DESKTOP-C0FVCIJ" failures="0" tests="1" name="DevOps.Devops.AppTest" time="14.046" errors="0" timestamp="2020-02-16T09:28:26 IST" skipped="0">
  <testcase classname="DevOps.Devops.AppTest" name="logintoapp" time="14.046"/>
</testsuite> <!-- DevOps.Devops.AppTest -->
